/afs/cs.wisc.edu/u/s/w/swamit/public/html/courses/cs552/fall2024/handouts/testprograms/public/inst_tests/bgez_7.asm FAILED
/afs/cs.wisc.edu/u/s/w/swamit/public/html/courses/cs552/fall2024/handouts/testprograms/public/inst_tests/bltz_3.asm FAILED
/afs/cs.wisc.edu/u/s/w/swamit/public/html/courses/cs552/fall2024/handouts/testprograms/public/inst_tests/j_0.asm FAILED
/afs/cs.wisc.edu/u/s/w/swamit/public/html/courses/cs552/fall2024/handouts/testprograms/public/inst_tests/j_1.asm FAILED
/afs/cs.wisc.edu/u/s/w/swamit/public/html/courses/cs552/fall2024/handouts/testprograms/public/inst_tests/j_4.asm FAILED
/afs/cs.wisc.edu/u/s/w/swamit/public/html/courses/cs552/fall2024/handouts/testprograms/public/inst_tests/jal_11.asm FAILED
/afs/cs.wisc.edu/u/s/w/swamit/public/html/courses/cs552/fall2024/handouts/testprograms/public/inst_tests/jal_12.asm FAILED
/afs/cs.wisc.edu/u/s/w/swamit/public/html/courses/cs552/fall2024/handouts/testprograms/public/inst_tests/jal_17.asm FAILED
/afs/cs.wisc.edu/u/s/w/swamit/public/html/courses/cs552/fall2024/handouts/testprograms/public/inst_tests/jal_27.asm FAILED
/afs/cs.wisc.edu/u/s/w/swamit/public/html/courses/cs552/fall2024/handouts/testprograms/public/inst_tests/jal_30.asm FAILED
/afs/cs.wisc.edu/u/s/w/swamit/public/html/courses/cs552/fall2024/handouts/testprograms/public/inst_tests/jal_31.asm FAILED
/afs/cs.wisc.edu/u/s/w/swamit/public/html/courses/cs552/fall2024/handouts/testprograms/public/inst_tests/jal_36.asm FAILED
/afs/cs.wisc.edu/u/s/w/swamit/public/html/courses/cs552/fall2024/handouts/testprograms/public/inst_tests/jal_5.asm FAILED
/afs/cs.wisc.edu/u/s/w/swamit/public/html/courses/cs552/fall2024/handouts/testprograms/public/inst_tests/jal_6.asm FAILED
/afs/cs.wisc.edu/u/s/w/swamit/public/html/courses/cs552/fall2024/handouts/testprograms/public/inst_tests/jalr_11.asm FAILED
/afs/cs.wisc.edu/u/s/w/swamit/public/html/courses/cs552/fall2024/handouts/testprograms/public/inst_tests/jalr_15.asm FAILED
/afs/cs.wisc.edu/u/s/w/swamit/public/html/courses/cs552/fall2024/handouts/testprograms/public/inst_tests/jalr_16.asm FAILED
/afs/cs.wisc.edu/u/s/w/swamit/public/html/courses/cs552/fall2024/handouts/testprograms/public/inst_tests/jalr_19.asm FAILED
/afs/cs.wisc.edu/u/s/w/swamit/public/html/courses/cs552/fall2024/handouts/testprograms/public/inst_tests/jalr_28.asm FAILED
/afs/cs.wisc.edu/u/s/w/swamit/public/html/courses/cs552/fall2024/handouts/testprograms/public/inst_tests/jalr_31.asm FAILED
/afs/cs.wisc.edu/u/s/w/swamit/public/html/courses/cs552/fall2024/handouts/testprograms/public/inst_tests/jalr_4.asm FAILED
/afs/cs.wisc.edu/u/s/w/swamit/public/html/courses/cs552/fall2024/handouts/testprograms/public/inst_tests/jalr_5.asm FAILED
/afs/cs.wisc.edu/u/s/w/swamit/public/html/courses/cs552/fall2024/handouts/testprograms/public/inst_tests/jalr_6.asm FAILED
/afs/cs.wisc.edu/u/s/w/swamit/public/html/courses/cs552/fall2024/handouts/testprograms/public/inst_tests/jalr_7.asm FAILED
/afs/cs.wisc.edu/u/s/w/swamit/public/html/courses/cs552/fall2024/handouts/testprograms/public/inst_tests/ld_3.asm FAILED
/afs/cs.wisc.edu/u/s/w/swamit/public/html/courses/cs552/fall2024/handouts/testprograms/public/inst_tests/seq_0.asm FAILED
