SIMLOG:: Cycle           4 PC: 00000000 I: 0000c005 R: 0   0 00000000 M: 0 0 00000000 00000000
SIMLOG:: Cycle           5 PC: 00000002 I: 0000401b R: 0   0 00000000 M: 0 0 00000000 00000000
SIMLOG:: Cycle           6 PC: 00000002 I: 0000401b R: 0   0 00000000 M: 0 0 00000000 00000000
SIMLOG:: Cycle           7 PC: 00000004 I: 00006004 R: 0   0 00000000 M: 0 0 00000005 00000000
SIMLOG:: Cycle           8 PC: 00000004 I: 00006004 R: 1   0 00000005 M: 0 0 00000000 00000005
SIMLOG:: Cycle           9 PC: 00000004 I: 00006004 R: 0   0 00000004 M: 0 0 00000000 00000004
SIMLOG:: Cycle          10 PC: 00000004 I: 00006004 R: 1   0 00000000 M: 0 0 000000a0 00000000
SIMLOG:: Cycle          11 PC: 0000000a I: 0000c1ff R: 0   0 00000006 M: 0 0 00000000 00000006
SIMLOG:: Cycle          12 PC: 0000000c I: 0000e908 R: 0   0 00000000 M: 0 0 00000000 00000000
SIMLOG:: Cycle          13 PC: 0000000c I: 0000e908 R: 0   0 00000006 M: 0 0 00000000 00000006
SIMLOG:: Cycle          14 PC: 0000000e I: 00006a04 R: 0   0 00000006 M: 0 0 0000ffff 00000000
SIMLOG:: Cycle          15 PC: 0000000e I: 00006a04 R: 1   1 0000ffff M: 0 0 00000000 00000006
SIMLOG:: Cycle          16 PC: 0000000e I: 00006a04 R: 0   0 0000000e M: 0 0 00000001 0000000e
SIMLOG:: Cycle          17 PC: 0000000e I: 00006a04 R: 1   2 00000001 M: 0 0 00000000 0000000e
SIMLOG:: Cycle          18 PC: 00000014 I: 0000c300 R: 0   0 00000010 M: 0 0 00000001 00000010
SIMLOG:: Cycle          19 PC: 00000016 I: 00009356 R: 0   0 00000001 M: 0 0 00000000 00000010
SIMLOG:: Cycle          20 PC: 00000016 I: 00009356 R: 0   0 00000010 M: 0 0 00000000 00000010
SIMLOG:: Cycle          21 PC: 00000018 I: 0000c400 R: 0   0 00000010 M: 0 0 00000000 00000010
SIMLOG:: Cycle          22 PC: 0000001a I: 0000945a R: 1   3 00000000 M: 0 0 00000000 00000010
SIMLOG:: Cycle          23 PC: 0000001a I: 0000945a R: 0   0 00000018 M: 0 0 00000056 00000000
SIMLOG:: Cycle          24 PC: 0000001c I: 00008380 R: 1   3 00000056 M: 0 0 00000000 00000018
SIMLOG:: Cycle          25 PC: 0000001e I: 0000c555 R: 1   4 00000000 M: 0 0 00000000 00000000
SIMLOG:: Cycle          26 PC: 00000020 I: 0000ada9 R: 0   0 0000001c M: 0 0 0000005a 00000000
SIMLOG:: Cycle          27 PC: 00000020 I: 0000ada9 R: 1   4 0000005a M: 0 1 00000056 0000005a
SIMLOG:: Cycle          28 PC: 00000022 I: 000084a0 R: 0   3 00000056 M: 0 0 00000055 00000000
SIMLOG:: Cycle          29 PC: 00000024 I: 0000437f R: 1   5 00000055 M: 0 0 00000000 00000000
SIMLOG:: Cycle          30 PC: 00000026 I: 00008bc1 R: 0   0 00000022 M: 0 0 0000aa00 00000055
SIMLOG:: Cycle          31 PC: 00000026 I: 00008bc1 R: 1   5 0000aa00 M: 0 1 0000005a 0000aa00
SIMLOG:: Cycle          32 PC: 00000028 I: 00008ee0 R: 0   4 0000005a M: 0 0 00000055 00000056
SIMLOG:: Cycle          33 PC: 00000028 I: 00008ee0 R: 1   3 00000055 M: 0 0 00000000 00000000
SIMLOG:: Cycle          34 PC: 0000002a I: 00009ee2 R: 0   0 00000028 M: 1 0 00000056 00000055
SIMLOG:: Cycle          35 PC: 0000002c I: 000046c2 R: 1   6 0000005a M: 0 0 00000000 00000028
SIMLOG:: Cycle          36 PC: 0000002c I: 000046c2 R: 0   0 0000002a M: 1 0 0000005a 0000005a
SIMLOG:: Cycle          37 PC: 0000002e I: 00009ee2 R: 1   7 0000aa00 M: 0 1 0000005c 0000aa00
SIMLOG:: Cycle          38 PC: 0000002e I: 00009ee2 R: 1   6 0000005c M: 0 0 00000000 00000000
SIMLOG:: Cycle          39 PC: 00000030 I: 0000c000 R: 0   0 0000002e M: 0 0 0000005e 0000005c
SIMLOG:: Cycle          40 PC: 00000032 I: 00003014 R: 1   6 0000005e M: 0 0 00000000 0000002e
SIMLOG:: Cycle          41 PC: 00000034 I: 00000000 R: 0   0 00000030 M: 0 1 00000060 0000005e
SIMLOG:: Cycle          42 PC: 00000034 I: 00000000 R: 1   6 00000060 M: 0 0 00000000 00000030
SIMLOG:: Cycle          43 PC: 00000048 I: 00003f02 R: 1   0 00000000 M: 0 0 00000014 00000000
SIMLOG:: Cycle          44 PC: 0000004a I: 000080e0 R: 1   7 00000034 M: 0 0 00000000 00000034
SIMLOG:: Cycle          45 PC: 0000004a I: 000080e0 R: 0   0 00000036 M: 0 0 00000000 00000036
SIMLOG:: Cycle          46 PC: 00000036 I: 00003f04 R: 0   0 00000036 M: 0 0 00000036 00000036
SIMLOG:: Cycle          47 PC: 00000038 I: 00000000 R: 1   7 0000004a M: 0 0 00000000 00000036
SIMLOG:: Cycle          48 PC: 00000038 I: 00000000 R: 0   0 0000004c M: 0 0 00000000 0000004c
SIMLOG:: Cycle          49 PC: 0000004e I: 00000000 R: 0   0 0000004c M: 0 0 0000004e 0000004c
SIMLOG:: Cycle          50 PC: 00000050 I: 00000000 R: 1   7 00000038 M: 0 0 00000000 0000004c
SIMLOG:: Cycle          51 PC: 00000050 I: 00000000 R: 0   0 0000003a M: 0 0 00000000 0000003a
SIMLOG:: Cycle          52 PC: 00000050 I: 00000000 R: 0   0 0000003a M: 0 0 00000000 0000003a
SIMLOG:: Cycle          53 PC: 00000050 I: 00000000 R: 0   0 00000050 M: 0 0 00000000 00000050
SIMLOG:: Cycle          54 PC: 00000050 I: 00000000 R: 0   0 00000052 M: 0 0 00000000 00000052
SIMLOG:: Processor halted

SIMLOG:: sim_cycles          54

SIMLOG:: inst_count          22

SIMLOG:: dcachehit_count           6

SIMLOG:: icachehit_count          51

SIMLOG:: dcachereq_count           6

SIMLOG:: icachereq_count          51

