/u/s/i/sinclair/courses/cs552/spring2022/handouts/testprograms/public/rand_final/ldld_rand_large.asm SUCCESS CPI:2.4 CYCLES:2433 ICOUNT:1035 IHITRATE: 99.8 DHITRATE: 96.8
/u/s/i/sinclair/courses/cs552/spring2022/handouts/testprograms/public/rand_final/ldld_rand_small.asm SUCCESS CPI:2.4 CYCLES:2433 ICOUNT:1035 IHITRATE: 99.8 DHITRATE: 96.8
/u/s/i/sinclair/courses/cs552/spring2022/handouts/testprograms/public/rand_final/ldst_rand_large.asm SUCCESS CPI:2.7 CYCLES:2676 ICOUNT:975 IHITRATE: 99.7 DHITRATE: 91.4
/u/s/i/sinclair/courses/cs552/spring2022/handouts/testprograms/public/rand_final/ldst_rand_small.asm SUCCESS CPI:2.5 CYCLES:2452 ICOUNT:975 IHITRATE: 99.6 DHITRATE: 95.0
/u/s/i/sinclair/courses/cs552/spring2022/handouts/testprograms/public/rand_final/t_100_all.asm SUCCESS CPI:5.0 CYCLES:1561 ICOUNT:314 IHITRATE: 77.6 DHITRATE: 70.4
/u/s/i/sinclair/courses/cs552/spring2022/handouts/testprograms/public/rand_final/t_100_ctrl.asm SUCCESS CPI:5.0 CYCLES:3031 ICOUNT:611 IHITRATE: 77.4 DHITRATE: 78.0
/u/s/i/sinclair/courses/cs552/spring2022/handouts/testprograms/public/rand_final/t_100_icache.asm SUCCESS CPI:65.6 CYCLES:1313 ICOUNT:20 IHITRATE: 64.9 DHITRATE: 0
/u/s/i/sinclair/courses/cs552/spring2022/handouts/testprograms/public/rand_final/t_100_idcache.asm SUCCESS CPI:7.9 CYCLES:3183 ICOUNT:401 IHITRATE: 91.0 DHITRATE: 35.2
/u/s/i/sinclair/courses/cs552/spring2022/handouts/testprograms/public/rand_final/t_100_mem.asm SUCCESS CPI:4.7 CYCLES:6697 ICOUNT:1415 IHITRATE: 81.4 DHITRATE: 94.4
/u/s/i/sinclair/courses/cs552/spring2022/handouts/testprograms/public/rand_final/t_101_all.asm SUCCESS CPI:4.7 CYCLES:1971 ICOUNT:422 IHITRATE: 78.1 DHITRATE: 71.4
/u/s/i/sinclair/courses/cs552/spring2022/handouts/testprograms/public/rand_final/t_101_ctrl.asm SUCCESS CPI:4.6 CYCLES:3684 ICOUNT:799 IHITRATE: 78.0 DHITRATE: 81.7
/u/s/i/sinclair/courses/cs552/spring2022/handouts/testprograms/public/rand_final/t_101_icache.asm SUCCESS CPI:36.1 CYCLES:1517 ICOUNT:42 IHITRATE: 68.4 DHITRATE: 0
/u/s/i/sinclair/courses/cs552/spring2022/handouts/testprograms/public/rand_final/t_101_idcache.asm SUCCESS CPI:7.6 CYCLES:3124 ICOUNT:413 IHITRATE: 91.8 DHITRATE: 35.1
/u/s/i/sinclair/courses/cs552/spring2022/handouts/testprograms/public/rand_final/t_101_mem.asm SUCCESS CPI:4.8 CYCLES:6733 ICOUNT:1403 IHITRATE: 81.2 DHITRATE: 94.7
/u/s/i/sinclair/courses/cs552/spring2022/handouts/testprograms/public/rand_final/t_102_all.asm SUCCESS CPI:4.7 CYCLES:1647 ICOUNT:349 IHITRATE: 78.2 DHITRATE: 61.3
/u/s/i/sinclair/courses/cs552/spring2022/handouts/testprograms/public/rand_final/t_102_ctrl.asm SUCCESS CPI:4.6 CYCLES:3693 ICOUNT:804 IHITRATE: 77.9 DHITRATE: 74.0
/u/s/i/sinclair/courses/cs552/spring2022/handouts/testprograms/public/rand_final/t_102_icache.asm SUCCESS CPI:27.9 CYCLES:1676 ICOUNT:60 IHITRATE: 68.1 DHITRATE: 0
/u/s/i/sinclair/courses/cs552/spring2022/handouts/testprograms/public/rand_final/t_102_idcache.asm SUCCESS CPI:8.9 CYCLES:2969 ICOUNT:335 IHITRATE: 90.8 DHITRATE: 31.1
/u/s/i/sinclair/courses/cs552/spring2022/handouts/testprograms/public/rand_final/t_102_mem.asm SUCCESS CPI:4.6 CYCLES:6908 ICOUNT:1503 IHITRATE: 80.6 DHITRATE: 96.5
/u/s/i/sinclair/courses/cs552/spring2022/handouts/testprograms/public/rand_final/t_103_all.asm SUCCESS CPI:4.4 CYCLES:1925 ICOUNT:434 IHITRATE: 77.8 DHITRATE: 57.7
/u/s/i/sinclair/courses/cs552/spring2022/handouts/testprograms/public/rand_final/t_103_ctrl.asm FAILED
/u/s/i/sinclair/courses/cs552/spring2022/handouts/testprograms/public/rand_final/t_103_icache.asm SUCCESS CPI:13.7 CYCLES:1699 ICOUNT:124 IHITRATE: 68.3 DHITRATE: 0
/u/s/i/sinclair/courses/cs552/spring2022/handouts/testprograms/public/rand_final/t_103_idcache.asm SUCCESS CPI:8.0 CYCLES:2980 ICOUNT:374 IHITRATE: 91.4 DHITRATE: 36.7
/u/s/i/sinclair/courses/cs552/spring2022/handouts/testprograms/public/rand_final/t_103_mem.asm SUCCESS CPI:4.6 CYCLES:6737 ICOUNT:1449 IHITRATE: 80.5 DHITRATE: 97.3
/u/s/i/sinclair/courses/cs552/spring2022/handouts/testprograms/public/rand_final/t_104_all.asm SUCCESS CPI:4.4 CYCLES:1937 ICOUNT:440 IHITRATE: 78.5 DHITRATE: 63.0
/u/s/i/sinclair/courses/cs552/spring2022/handouts/testprograms/public/rand_final/t_104_ctrl.asm SUCCESS CPI:4.7 CYCLES:3405 ICOUNT:725 IHITRATE: 78.1 DHITRATE: 72.1
/u/s/i/sinclair/courses/cs552/spring2022/handouts/testprograms/public/rand_final/t_104_icache.asm SUCCESS CPI:27.5 CYCLES:1291 ICOUNT:47 IHITRATE: 69.0 DHITRATE: 0
/u/s/i/sinclair/courses/cs552/spring2022/handouts/testprograms/public/rand_final/t_104_idcache.asm SUCCESS CPI:9.0 CYCLES:2808 ICOUNT:311 IHITRATE: 92.1 DHITRATE: 21.1
/u/s/i/sinclair/courses/cs552/spring2022/handouts/testprograms/public/rand_final/t_104_mem.asm SUCCESS CPI:4.6 CYCLES:7027 ICOUNT:1519 IHITRATE: 81.1 DHITRATE: 96.1
/u/s/i/sinclair/courses/cs552/spring2022/handouts/testprograms/public/rand_final/t_105_all.asm SUCCESS CPI:4.5 CYCLES:1982 ICOUNT:438 IHITRATE: 78.8 DHITRATE: 60.7
/u/s/i/sinclair/courses/cs552/spring2022/handouts/testprograms/public/rand_final/t_105_ctrl.asm SUCCESS CPI:4.7 CYCLES:3574 ICOUNT:763 IHITRATE: 77.9 DHITRATE: 72.4
/u/s/i/sinclair/courses/cs552/spring2022/handouts/testprograms/public/rand_final/t_105_icache.asm SUCCESS CPI:18.7 CYCLES:1406 ICOUNT:75 IHITRATE: 69.1 DHITRATE: 0
/u/s/i/sinclair/courses/cs552/spring2022/handouts/testprograms/public/rand_final/t_105_idcache.asm SUCCESS CPI:8.6 CYCLES:2866 ICOUNT:335 IHITRATE: 91.6 DHITRATE: 22.5
/u/s/i/sinclair/courses/cs552/spring2022/handouts/testprograms/public/rand_final/t_105_mem.asm SUCCESS CPI:4.7 CYCLES:6653 ICOUNT:1418 IHITRATE: 80.7 DHITRATE: 95.7
/u/s/i/sinclair/courses/cs552/spring2022/handouts/testprograms/public/rand_final/t_106_all.asm SUCCESS CPI:4.7 CYCLES:2100 ICOUNT:444 IHITRATE: 77.3 DHITRATE: 70.7
/u/s/i/sinclair/courses/cs552/spring2022/handouts/testprograms/public/rand_final/t_106_ctrl.asm SUCCESS CPI:4.5 CYCLES:3482 ICOUNT:770 IHITRATE: 78.1 DHITRATE: 73.2
/u/s/i/sinclair/courses/cs552/spring2022/handouts/testprograms/public/rand_final/t_106_icache.asm SUCCESS CPI:40.3 CYCLES:1532 ICOUNT:38 IHITRATE: 67.3 DHITRATE: 0
/u/s/i/sinclair/courses/cs552/spring2022/handouts/testprograms/public/rand_final/t_106_idcache.asm SUCCESS CPI:9.2 CYCLES:3001 ICOUNT:326 IHITRATE: 91.2 DHITRATE: 26.7
/u/s/i/sinclair/courses/cs552/spring2022/handouts/testprograms/public/rand_final/t_106_mem.asm SUCCESS CPI:4.8 CYCLES:6697 ICOUNT:1409 IHITRATE: 81.2 DHITRATE: 94.8
/u/s/i/sinclair/courses/cs552/spring2022/handouts/testprograms/public/rand_final/t_107_all.asm SUCCESS CPI:4.5 CYCLES:1850 ICOUNT:410 IHITRATE: 78.3 DHITRATE: 65.6
/u/s/i/sinclair/courses/cs552/spring2022/handouts/testprograms/public/rand_final/t_107_ctrl.asm SUCCESS CPI:4.6 CYCLES:3475 ICOUNT:754 IHITRATE: 78.1 DHITRATE: 76.9
/u/s/i/sinclair/courses/cs552/spring2022/handouts/testprograms/public/rand_final/t_107_icache.asm SUCCESS CPI:26.6 CYCLES:1383 ICOUNT:52 IHITRATE: 68.2 DHITRATE: 0
/u/s/i/sinclair/courses/cs552/spring2022/handouts/testprograms/public/rand_final/t_107_idcache.asm SUCCESS CPI:9.3 CYCLES:3040 ICOUNT:326 IHITRATE: 90.2 DHITRATE: 25.9
/u/s/i/sinclair/courses/cs552/spring2022/handouts/testprograms/public/rand_final/t_107_mem.asm SUCCESS CPI:4.7 CYCLES:6610 ICOUNT:1397 IHITRATE: 80.8 DHITRATE: 95.2
/u/s/i/sinclair/courses/cs552/spring2022/handouts/testprograms/public/rand_final/t_108_all.asm SUCCESS CPI:4.3 CYCLES:1900 ICOUNT:444 IHITRATE: 78.4 DHITRATE: 64.9
/u/s/i/sinclair/courses/cs552/spring2022/handouts/testprograms/public/rand_final/t_108_ctrl.asm SUCCESS CPI:4.6 CYCLES:3607 ICOUNT:787 IHITRATE: 77.7 DHITRATE: 78.9
/u/s/i/sinclair/courses/cs552/spring2022/handouts/testprograms/public/rand_final/t_108_icache.asm SUCCESS CPI:41.5 CYCLES:1162 ICOUNT:28 IHITRATE: 67.5 DHITRATE: 0
/u/s/i/sinclair/courses/cs552/spring2022/handouts/testprograms/public/rand_final/t_108_idcache.asm SUCCESS CPI:8.9 CYCLES:3040 ICOUNT:341 IHITRATE: 91.0 DHITRATE: 31.2
/u/s/i/sinclair/courses/cs552/spring2022/handouts/testprograms/public/rand_final/t_108_mem.asm SUCCESS CPI:4.6 CYCLES:6975 ICOUNT:1522 IHITRATE: 81.1 DHITRATE: 94.8
/u/s/i/sinclair/courses/cs552/spring2022/handouts/testprograms/public/rand_final/t_109_all.asm SUCCESS CPI:4.8 CYCLES:1530 ICOUNT:318 IHITRATE: 77.7 DHITRATE: 83.3
/u/s/i/sinclair/courses/cs552/spring2022/handouts/testprograms/public/rand_final/t_109_ctrl.asm SUCCESS CPI:4.6 CYCLES:3667 ICOUNT:797 IHITRATE: 77.7 DHITRATE: 86.4
/u/s/i/sinclair/courses/cs552/spring2022/handouts/testprograms/public/rand_final/t_109_icache.asm SUCCESS CPI:30.0 CYCLES:1469 ICOUNT:49 IHITRATE: 69.2 DHITRATE: 0
/u/s/i/sinclair/courses/cs552/spring2022/handouts/testprograms/public/rand_final/t_109_idcache.asm SUCCESS CPI:8.6 CYCLES:2999 ICOUNT:347 IHITRATE: 92.1 DHITRATE: 17.4
/u/s/i/sinclair/courses/cs552/spring2022/handouts/testprograms/public/rand_final/t_109_mem.asm SUCCESS CPI:4.8 CYCLES:6556 ICOUNT:1370 IHITRATE: 80.9 DHITRATE: 95.5
/u/s/i/sinclair/courses/cs552/spring2022/handouts/testprograms/public/rand_final/t_10_mem.asm SUCCESS CPI:4.6 CYCLES:7114 ICOUNT:1540 IHITRATE: 80.8 DHITRATE: 96.4
/u/s/i/sinclair/courses/cs552/spring2022/handouts/testprograms/public/rand_final/t_110_all.asm SUCCESS CPI:4.5 CYCLES:1936 ICOUNT:434 IHITRATE: 77.8 DHITRATE: 84.6
/u/s/i/sinclair/courses/cs552/spring2022/handouts/testprograms/public/rand_final/t_110_ctrl.asm SUCCESS CPI:4.5 CYCLES:3815 ICOUNT:851 IHITRATE: 78.0 DHITRATE: 80.0
/u/s/i/sinclair/courses/cs552/spring2022/handouts/testprograms/public/rand_final/t_110_icache.asm SUCCESS CPI:57.3 CYCLES:1604 ICOUNT:28 IHITRATE: 64.6 DHITRATE: 0
/u/s/i/sinclair/courses/cs552/spring2022/handouts/testprograms/public/rand_final/t_110_idcache.asm SUCCESS CPI:8.4 CYCLES:3251 ICOUNT:386 IHITRATE: 91.2 DHITRATE: 27.2
/u/s/i/sinclair/courses/cs552/spring2022/handouts/testprograms/public/rand_final/t_110_mem.asm SUCCESS CPI:4.6 CYCLES:6785 ICOUNT:1473 IHITRATE: 80.9 DHITRATE: 95.4
/u/s/i/sinclair/courses/cs552/spring2022/handouts/testprograms/public/rand_final/t_111_all.asm SUCCESS CPI:4.9 CYCLES:1860 ICOUNT:377 IHITRATE: 77.6 DHITRATE: 73.7
/u/s/i/sinclair/courses/cs552/spring2022/handouts/testprograms/public/rand_final/t_111_ctrl.asm SUCCESS CPI:4.6 CYCLES:3910 ICOUNT:857 IHITRATE: 77.9 DHITRATE: 74.1
/u/s/i/sinclair/courses/cs552/spring2022/handouts/testprograms/public/rand_final/t_111_icache.asm SUCCESS CPI:36.8 CYCLES:1472 ICOUNT:40 IHITRATE: 65.0 DHITRATE: 0
/u/s/i/sinclair/courses/cs552/spring2022/handouts/testprograms/public/rand_final/t_111_idcache.asm SUCCESS CPI:8.5 CYCLES:3313 ICOUNT:392 IHITRATE: 91.9 DHITRATE: 17.9
/u/s/i/sinclair/courses/cs552/spring2022/handouts/testprograms/public/rand_final/t_111_mem.asm FAILED
/u/s/i/sinclair/courses/cs552/spring2022/handouts/testprograms/public/rand_final/t_112_all.asm SUCCESS CPI:4.8 CYCLES:1699 ICOUNT:354 IHITRATE: 78.0 DHITRATE: 62.1
/u/s/i/sinclair/courses/cs552/spring2022/handouts/testprograms/public/rand_final/t_112_ctrl.asm SUCCESS CPI:4.7 CYCLES:3343 ICOUNT:716 IHITRATE: 78.2 DHITRATE: 69.8
/u/s/i/sinclair/courses/cs552/spring2022/handouts/testprograms/public/rand_final/t_112_icache.asm SUCCESS CPI:14.8 CYCLES:1470 ICOUNT:99 IHITRATE: 68.6 DHITRATE: 0
/u/s/i/sinclair/courses/cs552/spring2022/handouts/testprograms/public/rand_final/t_112_idcache.asm SUCCESS CPI:8.4 CYCLES:3404 ICOUNT:407 IHITRATE: 91.2 DHITRATE: 24.1
/u/s/i/sinclair/courses/cs552/spring2022/handouts/testprograms/public/rand_final/t_112_mem.asm SUCCESS CPI:4.8 CYCLES:6228 ICOUNT:1292 IHITRATE: 80.9 DHITRATE: 97.5
/u/s/i/sinclair/courses/cs552/spring2022/handouts/testprograms/public/rand_final/t_113_all.asm SUCCESS CPI:4.7 CYCLES:1529 ICOUNT:325 IHITRATE: 78.1 DHITRATE: 77.1
/u/s/i/sinclair/courses/cs552/spring2022/handouts/testprograms/public/rand_final/t_113_ctrl.asm SUCCESS CPI:4.8 CYCLES:3393 ICOUNT:710 IHITRATE: 78.3 DHITRATE: 73.0
/u/s/i/sinclair/courses/cs552/spring2022/handouts/testprograms/public/rand_final/t_113_icache.asm SUCCESS CPI:20.6 CYCLES:1920 ICOUNT:93 IHITRATE: 66.5 DHITRATE: 0
/u/s/i/sinclair/courses/cs552/spring2022/handouts/testprograms/public/rand_final/t_113_idcache.asm SUCCESS CPI:7.6 CYCLES:3080 ICOUNT:404 IHITRATE: 91.5 DHITRATE: 30.1
/u/s/i/sinclair/courses/cs552/spring2022/handouts/testprograms/public/rand_final/t_113_mem.asm SUCCESS CPI:4.6 CYCLES:6830 ICOUNT:1472 IHITRATE: 81.1 DHITRATE: 96.2
/u/s/i/sinclair/courses/cs552/spring2022/handouts/testprograms/public/rand_final/t_114_all.asm SUCCESS CPI:4.0 CYCLES:2311 ICOUNT:578 IHITRATE: 79.1 DHITRATE: 72.5
/u/s/i/sinclair/courses/cs552/spring2022/handouts/testprograms/public/rand_final/t_114_ctrl.asm SUCCESS CPI:4.5 CYCLES:3722 ICOUNT:835 IHITRATE: 78.0 DHITRATE: 88.5
/u/s/i/sinclair/courses/cs552/spring2022/handouts/testprograms/public/rand_final/t_114_icache.asm SUCCESS CPI:34.9 CYCLES:1397 ICOUNT:40 IHITRATE: 67.8 DHITRATE: 0
/u/s/i/sinclair/courses/cs552/spring2022/handouts/testprograms/public/rand_final/t_114_idcache.asm SUCCESS CPI:8.5 CYCLES:3036 ICOUNT:356 IHITRATE: 90.6 DHITRATE: 30.4
/u/s/i/sinclair/courses/cs552/spring2022/handouts/testprograms/public/rand_final/t_114_mem.asm SUCCESS CPI:4.6 CYCLES:6582 ICOUNT:1431 IHITRATE: 80.6 DHITRATE: 96.2
/u/s/i/sinclair/courses/cs552/spring2022/handouts/testprograms/public/rand_final/t_115_all.asm SUCCESS CPI:4.5 CYCLES:1948 ICOUNT:434 IHITRATE: 78.2 DHITRATE: 77.8
/u/s/i/sinclair/courses/cs552/spring2022/handouts/testprograms/public/rand_final/t_115_ctrl.asm SUCCESS CPI:4.6 CYCLES:3774 ICOUNT:829 IHITRATE: 78.4 DHITRATE: 74.7
/u/s/i/sinclair/courses/cs552/spring2022/handouts/testprograms/public/rand_final/t_115_icache.asm SUCCESS CPI:21.3 CYCLES:1298 ICOUNT:61 IHITRATE: 67.9 DHITRATE: 0
/u/s/i/sinclair/courses/cs552/spring2022/handouts/testprograms/public/rand_final/t_115_idcache.asm SUCCESS CPI:7.6 CYCLES:3236 ICOUNT:428 IHITRATE: 91.3 DHITRATE: 37.2
/u/s/i/sinclair/courses/cs552/spring2022/handouts/testprograms/public/rand_final/t_115_mem.asm SUCCESS CPI:4.7 CYCLES:6557 ICOUNT:1394 IHITRATE: 80.6 DHITRATE: 97.4
/u/s/i/sinclair/courses/cs552/spring2022/handouts/testprograms/public/rand_final/t_116_all.asm SUCCESS CPI:4.2 CYCLES:2309 ICOUNT:555 IHITRATE: 78.5 DHITRATE: 75.0
/u/s/i/sinclair/courses/cs552/spring2022/handouts/testprograms/public/rand_final/t_116_ctrl.asm SUCCESS CPI:4.2 CYCLES:4338 ICOUNT:1031 IHITRATE: 78.4 DHITRATE: 81.4
/u/s/i/sinclair/courses/cs552/spring2022/handouts/testprograms/public/rand_final/t_116_icache.asm SUCCESS CPI:18.9 CYCLES:1720 ICOUNT:91 IHITRATE: 67.7 DHITRATE: 0
/u/s/i/sinclair/courses/cs552/spring2022/handouts/testprograms/public/rand_final/t_116_idcache.asm SUCCESS CPI:8.7 CYCLES:3056 ICOUNT:350 IHITRATE: 90.9 DHITRATE: 32.0
/u/s/i/sinclair/courses/cs552/spring2022/handouts/testprograms/public/rand_final/t_116_mem.asm SUCCESS CPI:4.7 CYCLES:6953 ICOUNT:1470 IHITRATE: 81.5 DHITRATE: 93.9
/u/s/i/sinclair/courses/cs552/spring2022/handouts/testprograms/public/rand_final/t_117_all.asm FAILED
/u/s/i/sinclair/courses/cs552/spring2022/handouts/testprograms/public/rand_final/t_117_ctrl.asm FAILED
/u/s/i/sinclair/courses/cs552/spring2022/handouts/testprograms/public/rand_final/t_117_icache.asm SUCCESS CPI:17.0 CYCLES:1495 ICOUNT:88 IHITRATE: 70.9 DHITRATE: 0
/u/s/i/sinclair/courses/cs552/spring2022/handouts/testprograms/public/rand_final/t_117_idcache.asm SUCCESS CPI:7.9 CYCLES:3294 ICOUNT:416 IHITRATE: 90.2 DHITRATE: 33.9
/u/s/i/sinclair/courses/cs552/spring2022/handouts/testprograms/public/rand_final/t_117_mem.asm SUCCESS CPI:4.6 CYCLES:7083 ICOUNT:1544 IHITRATE: 80.7 DHITRATE: 95.8
/u/s/i/sinclair/courses/cs552/spring2022/handouts/testprograms/public/rand_final/t_118_all.asm SUCCESS CPI:4.5 CYCLES:2219 ICOUNT:496 IHITRATE: 78.6 DHITRATE: 70.2
/u/s/i/sinclair/courses/cs552/spring2022/handouts/testprograms/public/rand_final/t_118_ctrl.asm SUCCESS CPI:4.6 CYCLES:3442 ICOUNT:752 IHITRATE: 78.5 DHITRATE: 70.5
/u/s/i/sinclair/courses/cs552/spring2022/handouts/testprograms/public/rand_final/t_118_icache.asm SUCCESS CPI:55.1 CYCLES:1434 ICOUNT:26 IHITRATE: 67.5 DHITRATE: 0
/u/s/i/sinclair/courses/cs552/spring2022/handouts/testprograms/public/rand_final/t_118_idcache.asm SUCCESS CPI:8.6 CYCLES:2789 ICOUNT:323 IHITRATE: 91.8 DHITRATE: 22.5
/u/s/i/sinclair/courses/cs552/spring2022/handouts/testprograms/public/rand_final/t_118_mem.asm SUCCESS CPI:4.8 CYCLES:6459 ICOUNT:1343 IHITRATE: 80.9 DHITRATE: 96.8
/u/s/i/sinclair/courses/cs552/spring2022/handouts/testprograms/public/rand_final/t_119_all.asm SUCCESS CPI:4.5 CYCLES:1795 ICOUNT:402 IHITRATE: 78.8 DHITRATE: 69.4
/u/s/i/sinclair/courses/cs552/spring2022/handouts/testprograms/public/rand_final/t_119_ctrl.asm FAILED
/u/s/i/sinclair/courses/cs552/spring2022/handouts/testprograms/public/rand_final/t_119_icache.asm SUCCESS CPI:37.6 CYCLES:1128 ICOUNT:30 IHITRATE: 65.1 DHITRATE: 0
/u/s/i/sinclair/courses/cs552/spring2022/handouts/testprograms/public/rand_final/t_119_idcache.asm SUCCESS CPI:12.0 CYCLES:1625 ICOUNT:135 IHITRATE: 74.3 DHITRATE: 20.8
/u/s/i/sinclair/courses/cs552/spring2022/handouts/testprograms/public/rand_final/t_119_mem.asm SUCCESS CPI:4.6 CYCLES:7049 ICOUNT:1541 IHITRATE: 81.1 DHITRATE: 93.9
/u/s/i/sinclair/courses/cs552/spring2022/handouts/testprograms/public/rand_final/t_11_mem.asm SUCCESS CPI:4.6 CYCLES:7191 ICOUNT:1551 IHITRATE: 81.3 DHITRATE: 93.2
/u/s/i/sinclair/courses/cs552/spring2022/handouts/testprograms/public/rand_final/t_120_all.asm SUCCESS CPI:4.9 CYCLES:1837 ICOUNT:378 IHITRATE: 77.6 DHITRATE: 80.8
/u/s/i/sinclair/courses/cs552/spring2022/handouts/testprograms/public/rand_final/t_120_ctrl.asm SUCCESS CPI:4.4 CYCLES:3744 ICOUNT:852 IHITRATE: 78.2 DHITRATE: 77.5
/u/s/i/sinclair/courses/cs552/spring2022/handouts/testprograms/public/rand_final/t_120_icache.asm SUCCESS CPI:44.8 CYCLES:1479 ICOUNT:33 IHITRATE: 67.8 DHITRATE: 0
/u/s/i/sinclair/courses/cs552/spring2022/handouts/testprograms/public/rand_final/t_120_idcache.asm SUCCESS CPI:8.4 CYCLES:3094 ICOUNT:368 IHITRATE: 90.9 DHITRATE: 32.7
/u/s/i/sinclair/courses/cs552/spring2022/handouts/testprograms/public/rand_final/t_120_mem.asm SUCCESS CPI:4.7 CYCLES:6787 ICOUNT:1447 IHITRATE: 80.7 DHITRATE: 96.4
/u/s/i/sinclair/courses/cs552/spring2022/handouts/testprograms/public/rand_final/t_121_all.asm SUCCESS CPI:5.0 CYCLES:1550 ICOUNT:313 IHITRATE: 77.6 DHITRATE: 65.2
/u/s/i/sinclair/courses/cs552/spring2022/handouts/testprograms/public/rand_final/t_122_all.asm SUCCESS CPI:4.7 CYCLES:1493 ICOUNT:319 IHITRATE: 78.0 DHITRATE: 69.2
/u/s/i/sinclair/courses/cs552/spring2022/handouts/testprograms/public/rand_final/t_123_all.asm SUCCESS CPI:4.4 CYCLES:2162 ICOUNT:490 IHITRATE: 77.7 DHITRATE: 63.2
/u/s/i/sinclair/courses/cs552/spring2022/handouts/testprograms/public/rand_final/t_124_all.asm SUCCESS CPI:4.3 CYCLES:1519 ICOUNT:355 IHITRATE: 79.0 DHITRATE: 65.4
/u/s/i/sinclair/courses/cs552/spring2022/handouts/testprograms/public/rand_final/t_125_all.asm FAILED
/u/s/i/sinclair/courses/cs552/spring2022/handouts/testprograms/public/rand_final/t_126_all.asm SUCCESS CPI:4.2 CYCLES:2483 ICOUNT:595 IHITRATE: 79.4 DHITRATE: 55.8
/u/s/i/sinclair/courses/cs552/spring2022/handouts/testprograms/public/rand_final/t_127_all.asm SUCCESS CPI:4.4 CYCLES:1962 ICOUNT:444 IHITRATE: 77.9 DHITRATE: 72.7
/u/s/i/sinclair/courses/cs552/spring2022/handouts/testprograms/public/rand_final/t_128_all.asm SUCCESS CPI:4.8 CYCLES:2000 ICOUNT:420 IHITRATE: 77.7 DHITRATE: 64.5
/u/s/i/sinclair/courses/cs552/spring2022/handouts/testprograms/public/rand_final/t_129_all.asm SUCCESS CPI:4.6 CYCLES:1926 ICOUNT:416 IHITRATE: 79.2 DHITRATE: 70.8
/u/s/i/sinclair/courses/cs552/spring2022/handouts/testprograms/public/rand_final/t_12_mem.asm SUCCESS CPI:4.8 CYCLES:6706 ICOUNT:1411 IHITRATE: 80.7 DHITRATE: 96.5
/u/s/i/sinclair/courses/cs552/spring2022/handouts/testprograms/public/rand_final/t_130_all.asm SUCCESS CPI:4.0 CYCLES:2565 ICOUNT:635 IHITRATE: 78.7 DHITRATE: 70.9
/u/s/i/sinclair/courses/cs552/spring2022/handouts/testprograms/public/rand_final/t_131_all.asm SUCCESS CPI:4.3 CYCLES:2281 ICOUNT:532 IHITRATE: 78.4 DHITRATE: 83.3
/u/s/i/sinclair/courses/cs552/spring2022/handouts/testprograms/public/rand_final/t_132_all.asm SUCCESS CPI:4.3 CYCLES:1984 ICOUNT:464 IHITRATE: 78.5 DHITRATE: 63.9
/u/s/i/sinclair/courses/cs552/spring2022/handouts/testprograms/public/rand_final/t_133_all.asm SUCCESS CPI:4.2 CYCLES:1852 ICOUNT:437 IHITRATE: 79.4 DHITRATE: 64.1
/u/s/i/sinclair/courses/cs552/spring2022/handouts/testprograms/public/rand_final/t_134_all.asm SUCCESS CPI:4.2 CYCLES:1974 ICOUNT:469 IHITRATE: 79.5 DHITRATE: 68.2
/u/s/i/sinclair/courses/cs552/spring2022/handouts/testprograms/public/rand_final/t_135_all.asm SUCCESS CPI:4.1 CYCLES:2452 ICOUNT:592 IHITRATE: 78.8 DHITRATE: 65.4
/u/s/i/sinclair/courses/cs552/spring2022/handouts/testprograms/public/rand_final/t_136_all.asm SUCCESS CPI:4.6 CYCLES:1886 ICOUNT:406 IHITRATE: 78.0 DHITRATE: 69.2
/u/s/i/sinclair/courses/cs552/spring2022/handouts/testprograms/public/rand_final/t_137_all.asm SUCCESS CPI:4.1 CYCLES:2196 ICOUNT:531 IHITRATE: 78.6 DHITRATE: 65.8
/u/s/i/sinclair/courses/cs552/spring2022/handouts/testprograms/public/rand_final/t_138_all.asm SUCCESS CPI:4.2 CYCLES:2537 ICOUNT:605 IHITRATE: 78.9 DHITRATE: 73.7
/u/s/i/sinclair/courses/cs552/spring2022/handouts/testprograms/public/rand_final/t_139_all.asm SUCCESS CPI:4.9 CYCLES:1755 ICOUNT:361 IHITRATE: 76.8 DHITRATE: 52.2
/u/s/i/sinclair/courses/cs552/spring2022/handouts/testprograms/public/rand_final/t_13_mem.asm SUCCESS CPI:4.6 CYCLES:6670 ICOUNT:1437 IHITRATE: 80.8 DHITRATE: 95.8
/u/s/i/sinclair/courses/cs552/spring2022/handouts/testprograms/public/rand_final/t_140_all.asm SUCCESS CPI:4.4 CYCLES:1759 ICOUNT:396 IHITRATE: 78.0 DHITRATE: 64.5
/u/s/i/sinclair/courses/cs552/spring2022/handouts/testprograms/public/rand_final/t_141_all.asm SUCCESS CPI:4.1 CYCLES:1973 ICOUNT:479 IHITRATE: 78.8 DHITRATE: 84.4
/u/s/i/sinclair/courses/cs552/spring2022/handouts/testprograms/public/rand_final/t_142_all.asm SUCCESS CPI:4.3 CYCLES:1676 ICOUNT:388 IHITRATE: 78.7 DHITRATE: 73.3
/u/s/i/sinclair/courses/cs552/spring2022/handouts/testprograms/public/rand_final/t_143_all.asm SUCCESS CPI:4.1 CYCLES:2053 ICOUNT:503 IHITRATE: 78.5 DHITRATE: 70.6
/u/s/i/sinclair/courses/cs552/spring2022/handouts/testprograms/public/rand_final/t_144_all.asm SUCCESS CPI:4.8 CYCLES:2031 ICOUNT:421 IHITRATE: 77.2 DHITRATE: 60.0
/u/s/i/sinclair/courses/cs552/spring2022/handouts/testprograms/public/rand_final/t_145_all.asm SUCCESS CPI:4.4 CYCLES:1884 ICOUNT:430 IHITRATE: 78.3 DHITRATE: 63.9
/u/s/i/sinclair/courses/cs552/spring2022/handouts/testprograms/public/rand_final/t_146_all.asm SUCCESS CPI:4.2 CYCLES:2512 ICOUNT:597 IHITRATE: 79.3 DHITRATE: 73.7
/u/s/i/sinclair/courses/cs552/spring2022/handouts/testprograms/public/rand_final/t_147_all.asm SUCCESS CPI:4.3 CYCLES:1888 ICOUNT:438 IHITRATE: 77.7 DHITRATE: 73.3
/u/s/i/sinclair/courses/cs552/spring2022/handouts/testprograms/public/rand_final/t_148_all.asm FAILED
/u/s/i/sinclair/courses/cs552/spring2022/handouts/testprograms/public/rand_final/t_149_all.asm SUCCESS CPI:4.2 CYCLES:1871 ICOUNT:443 IHITRATE: 78.9 DHITRATE: 67.9
/u/s/i/sinclair/courses/cs552/spring2022/handouts/testprograms/public/rand_final/t_14_mem.asm SUCCESS CPI:4.8 CYCLES:6591 ICOUNT:1362 IHITRATE: 81.1 DHITRATE: 94.2
/u/s/i/sinclair/courses/cs552/spring2022/handouts/testprograms/public/rand_final/t_150_all.asm SUCCESS CPI:4.4 CYCLES:2172 ICOUNT:489 IHITRATE: 78.8 DHITRATE: 75.0
/u/s/i/sinclair/courses/cs552/spring2022/handouts/testprograms/public/rand_final/t_15_mem.asm SUCCESS CPI:4.7 CYCLES:6765 ICOUNT:1445 IHITRATE: 80.5 DHITRATE: 97.0
/u/s/i/sinclair/courses/cs552/spring2022/handouts/testprograms/public/rand_final/t_16_mem.asm SUCCESS CPI:4.7 CYCLES:6783 ICOUNT:1444 IHITRATE: 80.7 DHITRATE: 96.9
/u/s/i/sinclair/courses/cs552/spring2022/handouts/testprograms/public/rand_final/t_17_mem.asm SUCCESS CPI:4.6 CYCLES:6867 ICOUNT:1486 IHITRATE: 81.0 DHITRATE: 95.7
/u/s/i/sinclair/courses/cs552/spring2022/handouts/testprograms/public/rand_final/t_18_mem.asm SUCCESS CPI:4.7 CYCLES:6557 ICOUNT:1401 IHITRATE: 80.9 DHITRATE: 95.1
/u/s/i/sinclair/courses/cs552/spring2022/handouts/testprograms/public/rand_final/t_19_mem.asm SUCCESS CPI:4.7 CYCLES:6518 ICOUNT:1384 IHITRATE: 80.7 DHITRATE: 96.0
